[21:05:18] [main/INFO]: Loading Minecraft 1.20.1 with Fabric Loader 0.16.3
[21:05:18] [main/INFO]: Loading 6 mods:
	- carpet 1.4.112+v230608
	- carpet-extra 1.4.115
	- fabricloader 0.16.3
	   \-- mixinextras 0.4.1
	- java 17
	- minecraft 1.20.1
[21:05:18] [main/INFO]: SpongePowered MIXIN Subsystem Version=0.8.7 Source=file:/workspaces/srvmaicra/servidor_minecraft/libraries/net/fabricmc/sponge-mixin/0.15.2+mixin.0.8.7/sponge-mixin-0.15.2+mixin.0.8.7.jar Service=Knot/Fabric Env=SERVER
[21:05:19] [main/INFO]: Compatibility level set to JAVA_17
[21:05:19] [main/INFO]: Initializing MixinExtras via com.llamalad7.mixinextras.service.MixinExtrasServiceImpl(version=0.4.1).
[21:05:25] [main/INFO]: Environment: authHost='https://authserver.mojang.com', accountsHost='https://api.mojang.com', sessionHost='https://sessionserver.mojang.com', servicesHost='https://api.minecraftservices.com', name='PROD'
[21:05:25] [main/WARN]: Missing data pack fabric
[21:05:27] [main/INFO]: Loaded 7 recipes
[21:05:27] [main/INFO]: Loaded 1271 advancements
[21:05:27] [Server thread/INFO]: Starting minecraft server version 1.20.1
[21:05:27] [Server thread/INFO]: Loading properties
[21:05:27] [Server thread/INFO]: Default game type: SURVIVAL
[21:05:27] [Server thread/INFO]: Generating keypair
[21:05:27] [Server thread/INFO]: Starting Minecraft server on *:25565
[21:05:27] [Server thread/INFO]: Using epoll channel type
[21:05:27] [Server thread/WARN]: **** SERVER IS RUNNING IN OFFLINE/INSECURE MODE!
[21:05:27] [Server thread/WARN]: The server will make no attempt to authenticate usernames. Beware.
[21:05:27] [Server thread/WARN]: While this makes the game possible to play without internet access, it also opens up the ability for hackers to connect with any username they choose.
[21:05:27] [Server thread/WARN]: To change this, set "online-mode" to "true" in the server.properties file.
[21:05:27] [Server thread/INFO]: Preparing level "world"
[21:05:28] [Server thread/INFO]: Preparing start region for dimension minecraft:overworld
[21:05:30] [Worker-Main-2/INFO]: Preparing spawn area: 0%
[21:05:30] [Worker-Main-2/INFO]: Preparing spawn area: 0%
[21:05:30] [Worker-Main-2/INFO]: Preparing spawn area: 0%
[21:05:30] [Worker-Main-2/INFO]: Preparing spawn area: 0%
[21:05:30] [Worker-Main-1/INFO]: Preparing spawn area: 0%
[21:05:30] [Worker-Main-2/INFO]: Preparing spawn area: 0%
[21:05:31] [Worker-Main-3/INFO]: Preparing spawn area: 0%
[21:05:31] [Worker-Main-3/INFO]: Preparing spawn area: 75%
[21:05:31] [Server thread/INFO]: Time elapsed: 3605 ms
[21:05:31] [Server thread/INFO]: Done (3.793s)! For help, type "help"
[21:05:31] [Server thread/INFO]: Unknown or incomplete command, see below for error
[21:05:31] [Server thread/INFO]: home/codespace/.python/current/bin/python /workspaces/srvmaicra/msx.py<--[HERE]
[21:06:05] [Server thread/INFO]: Nacho_002[/127.190.110.151:54051] logged in with entity id 1 at (-2.958289363487344, -60.0, 6.536018257711503)
[21:06:05] [Server thread/INFO]: Nacho_002 joined the game
[21:06:12] [Server thread/INFO]: Player Nacho_002 joined with a matching carpet client
[21:07:29] [Server thread/INFO]: [Nacho_002: creativeNoClip: true, [Change permanently?]]
[21:07:31] [Server thread/INFO]: [Nacho_002: Rule creativeNoClip will now default to true]
[21:12:29] [Server thread/INFO]: NYAA[/127.241.58.113:42061] logged in with entity id 12 at (-0.5, -60.0, -0.5)
[21:12:29] [Server thread/INFO]: NYAA joined the game
[21:12:54] [Server thread/WARN]: Mismatch in destroy block pos: class_2338{x=0, y=0, z=0} class_2338{x=0, y=-61, z=-1}
[21:13:09] [Server thread/WARN]: NYAA moved too quickly! 0.0,-14.862625116424823,0.010607970286484303
[21:13:12] [Server thread/INFO]: NYAA fell out of the world
[21:13:17] [Server thread/INFO]: [Nacho_002: Set NYAA's game mode to Creative Mode]
[21:13:21] [Server thread/INFO]: [Not Secure] <NYAA> poenme op
[21:13:27] [Server thread/INFO]: [Not Secure] <NYAA> grax
[21:14:27] [Server thread/INFO]: [Not Secure] <NYAA> que esa mond
[21:14:56] [Server thread/INFO]: [Not Secure] <Nacho_002> oe
[21:15:01] [Server thread/INFO]: [Not Secure] <NYAA> oe
[21:15:12] [Server thread/INFO]: [Not Secure] <Nacho_002> esto es el corazon de Wukong
[21:15:25] [Server thread/INFO]: [Not Secure] <NYAA> todo esa protegido?
[21:15:30] [Server thread/INFO]: [Not Secure] <Nacho_002> no
[21:15:46] [Server thread/INFO]: [Not Secure] <NYAA> tons pq no puedo poner bloques
[21:15:49] [Server thread/INFO]: [Not Secure] <Nacho_002> no c
[21:15:57] [Server thread/INFO]: NYAA has made the advancement [Ice Bucket Challenge]
[21:16:15] [Server thread/INFO]: [Not Secure] <NYAA> tngo la mente caliente
[21:16:17] [Server thread/INFO]: [Not Secure] <Nacho_002> entiendes toda esta redstone?
[21:16:25] [Server thread/INFO]: [Not Secure] <NYAA> ño
[21:16:28] [Server thread/INFO]: [Not Secure] <Nacho_002> a
[21:16:34] [Server thread/INFO]: [Not Secure] <Nacho_002> te explico?
[21:16:39] [Server thread/INFO]: [Not Secure] <NYAA> szs
[21:17:43] [Server thread/INFO]: [Not Secure] <Nacho_002> basicamente es un descargador de shulkers usando vagonetas y las vagonetas seran enviadas a la zona de hornos la cual contiene exactamente 320 hornos el sitema actua haciendo que cada vagoneta vaya con 320 items y la ultima extactamente con 288 si no mal
[21:17:48] [Server thread/INFO]: [Not Secure] <Nacho_002> recuerdo
[21:18:14] [Server thread/INFO]: [Not Secure] <NYAA> duro
[21:18:49] [Server thread/INFO]: [Not Secure] <Nacho_002> me va a tocar volverlo a hacer pero con 3 bloques de separacion pipipi
[21:18:53] [Server thread/INFO]: [Not Secure] <NYAA> xd
[21:19:08] [Server thread/INFO]: [Not Secure] <Nacho_002> demostracion?
[21:19:32] [Server thread/INFO]: [Not Secure] <Nacho_002> espera
[21:19:41] [Server thread/INFO]: [Not Secure] <NYAA> a
[21:19:44] [Server thread/INFO]: Nacho_002 has made the advancement [Acquire Hardware]
[21:20:13] [Server thread/INFO]: [Not Secure] <Nacho_002> ven
[21:20:24] [Server thread/INFO]: [Not Secure] <Nacho_002> ponte aqui
[21:20:37] [Server thread/INFO]: [Not Secure] <Nacho_002> ahi no
[21:20:43] [Server thread/INFO]: [Not Secure] <Nacho_002> exacto
[21:21:18] [Server thread/INFO]: [Not Secure] <Nacho_002> ves
[21:21:28] [Server thread/INFO]: [Not Secure] <NYAA> volvi
[21:21:32] [Server thread/INFO]: [Not Secure] <NYAA> q paso
[21:21:55] [Server thread/INFO]: [Not Secure] <NYAA> ostia
[21:22:33] [Server thread/INFO]: [Not Secure] <Nacho_002> oe
[21:22:36] [Server thread/INFO]: [Not Secure] <NYAA> oe
[21:22:44] [Server thread/INFO]: [Not Secure] <Nacho_002> y listo
[21:22:49] [Server thread/INFO]: [Not Secure] <Nacho_002> shulker descargada
[21:22:54] [Server thread/INFO]: [Not Secure] <NYAA> waow
[21:22:58] [Server thread/INFO]: [Not Secure] <Nacho_002> ven
[21:23:16] [Server thread/INFO]: [Not Secure] <Nacho_002> hay ta la shulker
[21:23:22] [Server thread/INFO]: [Not Secure] <NYAA> no puedo acceder al barril
[21:23:36] [Server thread/INFO]: Nacho_002 lost connection: Timed out
[21:23:36] [Server thread/INFO]: Nacho_002 left the game
[21:25:20] [Server thread/INFO]: NYAA lost connection: Disconnected
[21:25:20] [Server thread/INFO]: NYAA left the game
